<?xml version="1.0" encoding="UTF-8"?>
<!-- Generated by org.testng.reporters.JUnitReportReporter -->
<testsuite hostname="DESKTOP-1H7PUP6" failures="0" tests="2" name="testNGbasics1.TestNGannotations$UsingAnnotationsAndKeywords" time="34.121" errors="0" timestamp="2023-05-26T13:06:46 EDT" skipped="0">
  <testcase classname="testNGbasics1.TestNGannotations$UsingAnnotationsAndKeywords" name="PositiveMenuLinkFunctionalityTest" time="15.005"/>
  <system-out/>
  <testcase classname="testNGbasics1.TestNGannotations$UsingAnnotationsAndKeywords" name="positiveSearchFunctionalityTest" time="19.116"/>
  <system-out/>
</testsuite> <!-- testNGbasics1.TestNGannotations$UsingAnnotationsAndKeywords -->
