<?xml version="1.0" encoding="UTF-8"?>
<!-- Generated by org.testng.reporters.JUnitReportReporter -->
<testsuite hostname="DESKTOP-1H7PUP6" failures="0" tests="2" name="testNGbasics1.TestNGbasicCode" time="10.598" errors="0" timestamp="2023-05-26T12:47:28 EDT" skipped="0">
  <testcase classname="testNGbasics1.TestNGbasicCode" name="handlingAlert" time="5.918"/>
  <system-out/>
  <testcase classname="testNGbasics1.TestNGbasicCode" name="handlingWindows" time="4.680"/>
  <system-out/>
</testsuite> <!-- testNGbasics1.TestNGbasicCode -->
